no change     C:\Users\echen\anaconda3\Scripts\conda.exe
no change     C:\Users\echen\anaconda3\Scripts\conda-env.exe
no change     C:\Users\echen\anaconda3\Scripts\conda-script.py
no change     C:\Users\echen\anaconda3\Scripts\conda-env-script.py
no change     C:\Users\echen\anaconda3\condabin\conda.bat
no change     C:\Users\echen\anaconda3\Library\bin\conda.bat
no change     C:\Users\echen\anaconda3\condabin\_conda_activate.bat
no change     C:\Users\echen\anaconda3\condabin\rename_tmp.bat
no change     C:\Users\echen\anaconda3\condabin\conda_auto_activate.bat
no change     C:\Users\echen\anaconda3\condabin\conda_hook.bat
no change     C:\Users\echen\anaconda3\Scripts\activate.bat
no change     C:\Users\echen\anaconda3\condabin\activate.bat
no change     C:\Users\echen\anaconda3\condabin\deactivate.bat
no change     C:\Users\echen\anaconda3\Scripts\activate
no change     C:\Users\echen\anaconda3\Scripts\deactivate
no change     C:\Users\echen\anaconda3\etc\profile.d\conda.sh
no change     C:\Users\echen\anaconda3\etc\fish\conf.d\conda.fish
no change     C:\Users\echen\anaconda3\shell\condabin\Conda.psm1
no change     C:\Users\echen\anaconda3\shell\condabin\conda-hook.ps1
no change     C:\Users\echen\anaconda3\Lib\site-packages\xontrib\conda.xsh
no change     C:\Users\echen\anaconda3\etc\profile.d\conda.csh
no change     C:\Users\echen\Documents\WindowsPowerShell\profile.ps1
no change     HKEY_CURRENT_USER\Software\Microsoft\Command Processor\AutoRun
No action taken.
